<?xml version="1.0" encoding="UTF-8"?>
<testng-results ignored="0" total="1" passed="1" failed="0" skipped="0">
  <reporter-output>
  </reporter-output>
  <suite started-at="2024-07-20T11:31:59 EDT" name="Default suite" finished-at="2024-07-20T11:32:02 EDT" duration-ms="3580">
    <groups>
    </groups>
    <test started-at="2024-07-20T11:31:59 EDT" name="Default test" finished-at="2024-07-20T11:32:02 EDT" duration-ms="3580">
      <class name="com.TestCases.NavigateFromHomePageToAnothrPage">
        <test-method is-config="true" signature="checkoutSetup()[pri:0, instance:com.TestCases.NavigateFromHomePageToAnothrPage@5c6648b0]" started-at="2024-07-20T11:31:59 EDT" name="checkoutSetup" finished-at="2024-07-20T11:32:02 EDT" duration-ms="2867" status="PASS">
          <reporter-output>
          </reporter-output>
        </test-method> <!-- checkoutSetup -->
        <test-method signature="vrifyingElemntHomePageAndClickOnLinkToNavToDifferntPage()[pri:1, instance:com.TestCases.NavigateFromHomePageToAnothrPage@5c6648b0]" started-at="2024-07-20T11:32:02 EDT" name="vrifyingElemntHomePageAndClickOnLinkToNavToDifferntPage" finished-at="2024-07-20T11:32:02 EDT" duration-ms="528" status="PASS">
          <reporter-output>
          </reporter-output>
        </test-method> <!-- vrifyingElemntHomePageAndClickOnLinkToNavToDifferntPage -->
        <test-method is-config="true" signature="tearDown()[pri:0, instance:com.TestCases.NavigateFromHomePageToAnothrPage@5c6648b0]" started-at="2024-07-20T11:32:02 EDT" name="tearDown" finished-at="2024-07-20T11:32:02 EDT" duration-ms="143" status="PASS">
          <reporter-output>
          </reporter-output>
        </test-method> <!-- tearDown -->
      </class> <!-- com.TestCases.NavigateFromHomePageToAnothrPage -->
    </test> <!-- Default test -->
  </suite> <!-- Default suite -->
</testng-results>
