<?xml version="1.0" encoding="UTF-8"?>
<testng-results ignored="0" total="1" passed="1" failed="0" skipped="0">
  <reporter-output>
  </reporter-output>
  <suite started-at="2024-07-20T01:34:02 EDT" name="Default suite" finished-at="2024-07-20T01:34:06 EDT" duration-ms="4070">
    <groups>
    </groups>
    <test started-at="2024-07-20T01:34:02 EDT" name="Default test" finished-at="2024-07-20T01:34:06 EDT" duration-ms="4070">
      <class name="com.TestCases.NavigateFromHomePageToAnothrPage">
        <test-method is-config="true" signature="checkoutSetup()[pri:0, instance:com.TestCases.NavigateFromHomePageToAnothrPage@4562e04d]" started-at="2024-07-20T01:34:02 EDT" name="checkoutSetup" finished-at="2024-07-20T01:34:05 EDT" duration-ms="2823" status="PASS">
          <reporter-output>
          </reporter-output>
        </test-method> <!-- checkoutSetup -->
        <test-method signature="vrifyingElemntHomePageAndClickOnLinkToNavToDifferntPage()[pri:1, instance:com.TestCases.NavigateFromHomePageToAnothrPage@4562e04d]" started-at="2024-07-20T01:34:05 EDT" name="vrifyingElemntHomePageAndClickOnLinkToNavToDifferntPage" finished-at="2024-07-20T01:34:06 EDT" duration-ms="1194" status="PASS">
          <reporter-output>
          </reporter-output>
        </test-method> <!-- vrifyingElemntHomePageAndClickOnLinkToNavToDifferntPage -->
      </class> <!-- com.TestCases.NavigateFromHomePageToAnothrPage -->
    </test> <!-- Default test -->
  </suite> <!-- Default suite -->
</testng-results>
